<?xml version="1.0" encoding="UTF-8"?>
<robot generator="Robot 6.0.2 (Python 3.11.2 on win32)" generated="20230215 00:38:12.190" rpa="false" schemaversion="3">
<suite id="s1" name="Registro" source="C:\Users\User\Documents\Robot sem complicação\robot-phptravels\Suites\Registro">
<suite id="s1-s1" name="Registro" source="C:\Users\User\Documents\Robot sem complicação\robot-phptravels\Suites\Registro\registro.robot">
<test id="s1-s1-t1" line="6">
<status status="FAIL" starttime="20230215 00:38:12.343" endtime="20230215 00:38:12.343">Test name cannot be empty.</status>
</test>
<status status="FAIL" starttime="20230215 00:38:12.205" endtime="20230215 00:38:12.344"/>
</suite>
<status status="FAIL" starttime="20230215 00:38:12.191" endtime="20230215 00:38:12.345"/>
</suite>
<statistics>
<total>
<stat pass="0" fail="1" skip="0">All Tests</stat>
</total>
<tag>
</tag>
<suite>
<stat pass="0" fail="1" skip="0" id="s1" name="Registro">Registro</stat>
<stat pass="0" fail="1" skip="0" id="s1-s1" name="Registro">Registro.Registro</stat>
</suite>
</statistics>
<errors>
</errors>
</robot>
